02:36:25.009 skipping bootstrap configuration: could not find or read file: classpath:karate-config.js
02:36:25.746 request:
1 > GET https://gorest.co.in/public-api/users?first_name=john&status=inactive
1 > Accept-Encoding: gzip,deflate
1 > Authorization: Bearer _FWTKt73f0EeVrfWj7d3sKoLMnw_9dqVcs0k
1 > Connection: Keep-Alive
1 > Host: gorest.co.in
1 > User-Agent: Apache-HttpClient/4.5.5 (Java/13.0.1)

02:36:26.723 response time in milliseconds: 963.72
1 < 200
1 < Connection: keep-alive
1 < Content-Type: application/json; charset=UTF-8
1 < Date: Sun, 09 Feb 2020 21:06:27 GMT
1 < Link: <https://gorest.co.in/public-api/users?first_name=john&status=inactive&page=1>; rel=self
1 < Server: nginx
1 < Set-Cookie: _csrf=469c15869de7df989ba16c4c40c56f95c76b0411d3be90c1ac76059d42de1e56a%3A2%3A%7Bi%3A0%3Bs%3A5%3A%22_csrf%22%3Bi%3A1%3Bs%3A32%3A%22uIwmgnj1G9SqdhZLelKgG9VIYjFnC-8g%22%3B%7D; path=/; HttpOnly
1 < Transfer-Encoding: chunked
1 < Vary: [Accept-Encoding, Accept]
1 < X-Frame-Options: sameorigin
1 < X-Pagination-Current-Page: 1
1 < X-Pagination-Page-Count: 1
1 < X-Pagination-Per-Page: 20
1 < X-Pagination-Total-Count: 5
1 < X-Rate-Limit-Limit: 60
1 < X-Rate-Limit-Remaining: 59
1 < X-Rate-Limit-Reset: 1
{"_meta":{"success":true,"code":200,"message":"OK. Everything worked as expected.","totalCount":5,"pageCount":1,"currentPage":1,"perPage":20,"rateLimit":{"limit":60,"remaining":59,"reset":1}},"result":[{"id":"446","first_name":"John1","last_name":"Greenfelder","gender":"male","dob":"1952-06-01","email":"jesse05@example.net","phone":"(634) 710-3719","website":"http://gutkowski.com/omnis-nulla-omnis-in-quibusdam-vel-aut-non","address":"46661 May Harbor\nAdolphbury, GA 92711-1154","status":"inactive","_links":{"self":{"href":"https://gorest.co.in/public-api/users/446"},"edit":{"href":"https://gorest.co.in/public-api/users/446"},"avatar":{"href":"https://lorempixel.com/250/250/people/?24491"}}},{"id":"455","first_name":"John","last_name":"Heller","gender":"male","dob":"1957-06-17","email":"fupton@example.net","phone":"398.767.1492 x0570","website":"http://hauck.com/aperiam-eum-officia-ipsam-sit-quo-in","address":"9269 Dare Mission Suite 876\nHirthechester, AR 05613-2671","status":"inactive","_links":{"self":{"href":"https://gorest.co.in/public-api/users/455"},"edit":{"href":"https://gorest.co.in/public-api/users/455"},"avatar":{"href":"https://lorempixel.com/250/250/people/?92822"}}},{"id":"602","first_name":"Johnathon","last_name":"Doyle","gender":"male","dob":"2011-10-24","email":"hhansen@example.net","phone":"(747) 846-3820 x6903","website":"https://www.moore.com/error-reiciendis-animi-nam-mollitia-aperiam","address":"88035 Tyree Plain\nCorkerymouth, OR 90445","status":"inactive","_links":{"self":{"href":"https://gorest.co.in/public-api/users/602"},"edit":{"href":"https://gorest.co.in/public-api/users/602"},"avatar":{"href":"https://lorempixel.com/250/250/people/?85331"}}},{"id":"735","first_name":"Johnson","last_name":"Baumbach","gender":"male","dob":"1986-03-05","email":"amaya.bartoletti@example.com","phone":"1-460-860-7370","website":"http://rolfson.net/ullam-dolor-a-odio-autem","address":"15967 Norberto Valley\nNienowview, UT 17918-2056","status":"inactive","_links":{"self":{"href":"https://gorest.co.in/public-api/users/735"},"edit":{"href":"https://gorest.co.in/public-api/users/735"},"avatar":{"href":"https://lorempixel.com/250/250/people/?59171"}}},{"id":"1788","first_name":"Johnpaul","last_name":"Wolf","gender":"male","dob":"1951-05-27","email":"odell.von@example.net","phone":"776-803-2315 x75363","website":"http://glover.info/nihil-non-voluptatem-sit-eum-similique-expedita-reiciendis.html","address":"3337 Coleman Pine Apt. 307\nBeiershire, AK 76048-1047","status":"inactive","_links":{"self":{"href":"https://gorest.co.in/public-api/users/1788"},"edit":{"href":"https://gorest.co.in/public-api/users/1788"},"avatar":{"href":"https://lorempixel.com/250/250/people/?78595"}}}]}

name":"Wolf","gender":"male","dob":"1951-05-27","email":"odell.von@example.net","phone":"776-803-2315 x75363","website":"http://glover.info/nihil-non-voluptatem-sit-eum-similique-expedita-reiciendis.html","address":"3337 Coleman Pine Apt. 307\nBeiershire, AK 76048-1047","status":"inactive","_links":{"self":{"href":"https://gorest.co.in/public-api/users/1788"},"edit":{"href":"https://gorest.co.in/public-api/users/1788"},"avatar":{"href":"https://lorempixel.com/250/250/people/?78595"}}}]}


